# JRE version: Java(TM) SE Runtime Environment (8.0_171-b11) (build 1.8.0_171-b11)
# Java VM: Java HotSpot(TM) 64-Bit Server VM (25.171-b11 mixed mode linux-amd64 compressed oops)
Heap:
 PSYoungGen      total 186368K, used 10240K [0x000000076d200000, 0x000000077e200000, 0x00000007c0000000)
  eden space 176128K, 0% used [0x000000076d200000,0x000000076d200000,0x0000000777e00000)
  from space 10240K, 100% used [0x000000077ce00000,0x000000077d800000,0x000000077d800000)
  to   space 10240K, 0% used [0x000000077d800000,0x000000077d800000,0x000000077e200000)
 ParOldGen       total 709120K, used 527809K [0x00000006c7600000, 0x00000006f2a80000, 0x000000076d200000)
  object space 709120K, 74% used [0x00000006c7600000,0x00000006e7970580,0x00000006f2a80000)
 Metaspace       used 6620K, capacity 7480K, committed 7680K, reserved 1056768K
  class space    used 974K, capacity 1000K, committed 1024K, reserved 1048576K
GC Heap History (10 events):
Event: 0,539 GC heap after
Heap after GC invocations=2 (full 0):
 PSYoungGen      total 139264K, used 10224K [0x000000076d200000, 0x0000000776400000, 0x00000007c0000000)
  eden space 129024K, 0% used [0x000000076d200000,0x000000076d200000,0x0000000775000000)
  from space 10240K, 99% used [0x0000000775a00000,0x00000007763fc010,0x0000000776400000)
  to   space 10240K, 0% used [0x0000000775000000,0x0000000775000000,0x0000000775a00000)
 ParOldGen       total 171008K, used 95797K [0x00000006c7600000, 0x00000006d1d00000, 0x000000076d200000)
  object space 171008K, 56% used [0x00000006c7600000,0x00000006cd38d598,0x00000006d1d00000)
 Metaspace       used 6620K, capacity 7480K, committed 7680K, reserved 1056768K
  class space    used 974K, capacity 1000K, committed 1024K, reserved 1048576K
}
Event: 0,591 GC heap before
{Heap before GC invocations=3 (full 0):
 PSYoungGen      total 139264K, used 139248K [0x000000076d200000, 0x0000000776400000, 0x00000007c0000000)
  eden space 129024K, 100% used [0x000000076d200000,0x0000000775000000,0x0000000775000000)
  from space 10240K, 99% used [0x0000000775a00000,0x00000007763fc010,0x0000000776400000)
  to   space 10240K, 0% used [0x0000000775000000,0x0000000775000000,0x0000000775a00000)
 ParOldGen       total 171008K, used 95797K [0x00000006c7600000, 0x00000006d1d00000, 0x000000076d200000)
  object space 171008K, 56% used [0x00000006c7600000,0x00000006cd38d598,0x00000006d1d00000)
 Metaspace       used 6620K, capacity 7480K, committed 7680K, reserved 1056768K
  class space    used 974K, capacity 1000K, committed 1024K, reserved 1048576K
Event: 0,670 GC heap after
Heap after GC invocations=3 (full 0):
 PSYoungGen      total 139264K, used 10240K [0x000000076d200000, 0x000000077e200000, 0x00000007c0000000)
  eden space 129024K, 0% used [0x000000076d200000,0x000000076d200000,0x0000000775000000)
  from space 10240K, 100% used [0x0000000775000000,0x0000000775a00000,0x0000000775a00000)
  to   space 10240K, 0% used [0x000000077d800000,0x000000077d800000,0x000000077e200000)
 ParOldGen       total 227840K, used 225573K [0x00000006c7600000, 0x00000006d5480000, 0x000000076d200000)
  object space 227840K, 99% used [0x00000006c7600000,0x00000006d5249598,0x00000006d5480000)
 Metaspace       used 6620K, capacity 7480K, committed 7680K, reserved 1056768K
  class space    used 974K, capacity 1000K, committed 1024K, reserved 1048576K
}
Event: 0,670 GC heap before
{Heap before GC invocations=4 (full 1):
 PSYoungGen      total 139264K, used 10240K [0x000000076d200000, 0x000000077e200000, 0x00000007c0000000)
  eden space 129024K, 0% used [0x000000076d200000,0x000000076d200000,0x0000000775000000)
  from space 10240K, 100% used [0x0000000775000000,0x0000000775a00000,0x0000000775a00000)
  to   space 10240K, 0% used [0x000000077d800000,0x000000077d800000,0x000000077e200000)
 ParOldGen       total 227840K, used 225573K [0x00000006c7600000, 0x00000006d5480000, 0x000000076d200000)
  object space 227840K, 99% used [0x00000006c7600000,0x00000006d5249598,0x00000006d5480000)
 Metaspace       used 6620K, capacity 7480K, committed 7680K, reserved 1056768K
  class space    used 974K, capacity 1000K, committed 1024K, reserved 1048576K
Event: 1,677 GC heap after
Heap after GC invocations=4 (full 1):
 PSYoungGen      total 139264K, used 4087K [0x000000076d200000, 0x000000077e200000, 0x00000007c0000000)
  eden space 129024K, 0% used [0x000000076d200000,0x000000076d200000,0x0000000775000000)
  from space 10240K, 39% used [0x0000000775000000,0x00000007753fde50,0x0000000775a00000)
  to   space 10240K, 0% used [0x000000077d800000,0x000000077d800000,0x000000077e200000)
 ParOldGen       total 477696K, used 227827K [0x00000006c7600000, 0x00000006e4880000, 0x000000076d200000)
  object space 477696K, 47% used [0x00000006c7600000,0x00000006d547ccf0,0x00000006e4880000)
 Metaspace       used 6620K, capacity 7480K, committed 7680K, reserved 1056768K
  class space    used 974K, capacity 1000K, committed 1024K, reserved 1048576K
}
Event: 1,732 GC heap before
{Heap before GC invocations=5 (full 1):
 PSYoungGen      total 139264K, used 133111K [0x000000076d200000, 0x000000077e200000, 0x00000007c0000000)
  eden space 129024K, 100% used [0x000000076d200000,0x0000000775000000,0x0000000775000000)
  from space 10240K, 39% used [0x0000000775000000,0x00000007753fde50,0x0000000775a00000)
  to   space 10240K, 0% used [0x000000077d800000,0x000000077d800000,0x000000077e200000)
 ParOldGen       total 477696K, used 227827K [0x00000006c7600000, 0x00000006e4880000, 0x000000076d200000)
  object space 477696K, 47% used [0x00000006c7600000,0x00000006d547ccf0,0x00000006e4880000)
 Metaspace       used 6620K, capacity 7480K, committed 7680K, reserved 1056768K
  class space    used 974K, capacity 1000K, committed 1024K, reserved 1048576K
Event: 1,827 GC heap after
Heap after GC invocations=5 (full 1):
 PSYoungGen      total 186368K, used 10240K [0x000000076d200000, 0x000000077e200000, 0x00000007c0000000)
  eden space 176128K, 0% used [0x000000076d200000,0x000000076d200000,0x0000000777e00000)
  from space 10240K, 100% used [0x000000077d800000,0x000000077e200000,0x000000077e200000)
  to   space 10240K, 0% used [0x000000077ce00000,0x000000077ce00000,0x000000077d800000)
 ParOldGen       total 477696K, used 351435K [0x00000006c7600000, 0x00000006e4880000, 0x000000076d200000)
  object space 477696K, 73% used [0x00000006c7600000,0x00000006dcd32cf0,0x00000006e4880000)
 Metaspace       used 6620K, capacity 7480K, committed 7680K, reserved 1056768K
  class space    used 974K, capacity 1000K, committed 1024K, reserved 1048576K
}
Event: 1,827 GC heap before
{Heap before GC invocations=6 (full 2):
 PSYoungGen      total 186368K, used 10240K [0x000000076d200000, 0x000000077e200000, 0x00000007c0000000)
  eden space 176128K, 0% used [0x000000076d200000,0x000000076d200000,0x0000000777e00000)
  from space 10240K, 100% used [0x000000077d800000,0x000000077e200000,0x000000077e200000)
  to   space 10240K, 0% used [0x000000077ce00000,0x000000077ce00000,0x000000077d800000)
 ParOldGen       total 477696K, used 351435K [0x00000006c7600000, 0x00000006e4880000, 0x000000076d200000)
  object space 477696K, 73% used [0x00000006c7600000,0x00000006dcd32cf0,0x00000006e4880000)
 Metaspace       used 6620K, capacity 7480K, committed 7680K, reserved 1056768K
  class space    used 974K, capacity 1000K, committed 1024K, reserved 1048576K
Event: 2,762 GC heap after
Heap after GC invocations=6 (full 2):
 PSYoungGen      total 186368K, used 0K [0x000000076d200000, 0x000000077e200000, 0x00000007c0000000)
  eden space 176128K, 0% used [0x000000076d200000,0x000000076d200000,0x0000000777e00000)
  from space 10240K, 0% used [0x000000077d800000,0x000000077d800000,0x000000077e200000)
  to   space 10240K, 0% used [0x000000077ce00000,0x000000077ce00000,0x000000077d800000)
 ParOldGen       total 709120K, used 360937K [0x00000006c7600000, 0x00000006f2a80000, 0x000000076d200000)
  object space 709120K, 50% used [0x00000006c7600000,0x00000006dd67a580,0x00000006f2a80000)
 Metaspace       used 6620K, capacity 7480K, committed 7680K, reserved 1056768K
  class space    used 974K, capacity 1000K, committed 1024K, reserved 1048576K
}
Event: 2,819 GC heap before
{Heap before GC invocations=7 (full 2):
 PSYoungGen      total 186368K, used 176128K [0x000000076d200000, 0x000000077e200000, 0x00000007c0000000)
  eden space 176128K, 100% used [0x000000076d200000,0x0000000777e00000,0x0000000777e00000)
  from space 10240K, 0% used [0x000000077d800000,0x000000077d800000,0x000000077e200000)
  to   space 10240K, 0% used [0x000000077ce00000,0x000000077ce00000,0x000000077d800000)
 ParOldGen       total 709120K, used 360937K [0x00000006c7600000, 0x00000006f2a80000, 0x000000076d200000)
  object space 709120K, 50% used [0x00000006c7600000,0x00000006dd67a580,0x00000006f2a80000)
 Metaspace       used 6620K, capacity 7480K, committed 7680K, reserved 1056768K
  class space    used 974K, capacity 1000K, committed 1024K, reserved 1048576K

