# JRE version: Java(TM) SE Runtime Environment (8.0_171-b11) (build 1.8.0_171-b11)
# Java VM: Java HotSpot(TM) 64-Bit Server VM (25.171-b11 mixed mode linux-amd64 compressed oops)
Heap:
 PSYoungGen      total 592384K, used 0K [0x000000076d200000, 0x00000007a0e00000, 0x00000007c0000000)
  eden space 340992K, 0% used [0x000000076d200000,0x000000076d200000,0x0000000781f00000)
  from space 251392K, 0% used [0x0000000791700000,0x0000000791700000,0x00000007a0c80000)
  to   space 253440K, 0% used [0x0000000781f00000,0x0000000781f00000,0x0000000791680000)
 ParOldGen       total 966656K, used 764784K [0x00000006c7600000, 0x0000000702600000, 0x000000076d200000)
  object space 966656K, 79% used [0x00000006c7600000,0x00000006f60dc050,0x0000000702600000)
 Metaspace       used 7676K, capacity 8064K, committed 8320K, reserved 1056768K
  class space    used 1106K, capacity 1136K, committed 1152K, reserved 1048576K
GC Heap History (10 events):
Event: 7,348 GC heap after
Heap after GC invocations=7 (full 2):
 PSYoungGen      total 265216K, used 10240K [0x000000076d200000, 0x0000000797000000, 0x00000007c0000000)
  eden space 254976K, 0% used [0x000000076d200000,0x000000076d200000,0x000000077cb00000)
  from space 10240K, 100% used [0x000000077cb00000,0x000000077d500000,0x000000077d500000)
  to   space 196096K, 0% used [0x000000078b080000,0x000000078b080000,0x0000000797000000)
 ParOldGen       total 559104K, used 241250K [0x00000006c7600000, 0x00000006e9800000, 0x000000076d200000)
  object space 559104K, 43% used [0x00000006c7600000,0x00000006d6198b40,0x00000006e9800000)
 Metaspace       used 7671K, capacity 8064K, committed 8320K, reserved 1056768K
  class space    used 1106K, capacity 1136K, committed 1152K, reserved 1048576K
}
Event: 7,464 GC heap before
{Heap before GC invocations=8 (full 2):
 PSYoungGen      total 265216K, used 265216K [0x000000076d200000, 0x0000000797000000, 0x00000007c0000000)
  eden space 254976K, 100% used [0x000000076d200000,0x000000077cb00000,0x000000077cb00000)
  from space 10240K, 100% used [0x000000077cb00000,0x000000077d500000,0x000000077d500000)
  to   space 196096K, 0% used [0x000000078b080000,0x000000078b080000,0x0000000797000000)
 ParOldGen       total 559104K, used 241250K [0x00000006c7600000, 0x00000006e9800000, 0x000000076d200000)
  object space 559104K, 43% used [0x00000006c7600000,0x00000006d6198b40,0x00000006e9800000)
 Metaspace       used 7676K, capacity 8064K, committed 8320K, reserved 1056768K
  class space    used 1106K, capacity 1136K, committed 1152K, reserved 1048576K
Event: 8,383 GC heap after
Heap after GC invocations=8 (full 2):
 PSYoungGen      total 419328K, used 196064K [0x000000076d200000, 0x00000007a7e00000, 0x00000007c0000000)
  eden space 223232K, 0% used [0x000000076d200000,0x000000076d200000,0x000000077ac00000)
  from space 196096K, 99% used [0x000000078b080000,0x0000000796ff8010,0x0000000797000000)
  to   space 266752K, 0% used [0x000000077ac00000,0x000000077ac00000,0x000000078b080000)
 ParOldGen       total 559104K, used 284242K [0x00000006c7600000, 0x00000006e9800000, 0x000000076d200000)
  object space 559104K, 50% used [0x00000006c7600000,0x00000006d8b94b40,0x00000006e9800000)
 Metaspace       used 7676K, capacity 8064K, committed 8320K, reserved 1056768K
  class space    used 1106K, capacity 1136K, committed 1152K, reserved 1048576K
}
Event: 8,383 GC heap before
{Heap before GC invocations=9 (full 3):
 PSYoungGen      total 419328K, used 196064K [0x000000076d200000, 0x00000007a7e00000, 0x00000007c0000000)
  eden space 223232K, 0% used [0x000000076d200000,0x000000076d200000,0x000000077ac00000)
  from space 196096K, 99% used [0x000000078b080000,0x0000000796ff8010,0x0000000797000000)
  to   space 266752K, 0% used [0x000000077ac00000,0x000000077ac00000,0x000000078b080000)
 ParOldGen       total 559104K, used 284242K [0x00000006c7600000, 0x00000006e9800000, 0x000000076d200000)
  object space 559104K, 50% used [0x00000006c7600000,0x00000006d8b94b40,0x00000006e9800000)
 Metaspace       used 7676K, capacity 8064K, committed 8320K, reserved 1056768K
  class space    used 1106K, capacity 1136K, committed 1152K, reserved 1048576K
Event: 11,118 GC heap after
Heap after GC invocations=9 (full 3):
 PSYoungGen      total 419328K, used 0K [0x000000076d200000, 0x00000007a7e00000, 0x00000007c0000000)
  eden space 223232K, 0% used [0x000000076d200000,0x000000076d200000,0x000000077ac00000)
  from space 196096K, 0% used [0x000000078b080000,0x000000078b080000,0x0000000797000000)
  to   space 266752K, 0% used [0x000000077ac00000,0x000000077ac00000,0x000000078b080000)
 ParOldGen       total 966656K, used 479088K [0x00000006c7600000, 0x0000000702600000, 0x000000076d200000)
  object space 966656K, 49% used [0x00000006c7600000,0x00000006e49dc038,0x0000000702600000)
 Metaspace       used 7676K, capacity 8064K, committed 8320K, reserved 1056768K
  class space    used 1106K, capacity 1136K, committed 1152K, reserved 1048576K
}
Event: 11,353 GC heap before
{Heap before GC invocations=10 (full 3):
 PSYoungGen      total 419328K, used 223232K [0x000000076d200000, 0x00000007a7e00000, 0x00000007c0000000)
  eden space 223232K, 100% used [0x000000076d200000,0x000000077ac00000,0x000000077ac00000)
  from space 196096K, 0% used [0x000000078b080000,0x000000078b080000,0x0000000797000000)
  to   space 266752K, 0% used [0x000000077ac00000,0x000000077ac00000,0x000000078b080000)
 ParOldGen       total 966656K, used 479088K [0x00000006c7600000, 0x0000000702600000, 0x000000076d200000)
  object space 966656K, 49% used [0x00000006c7600000,0x00000006e49dc038,0x0000000702600000)
 Metaspace       used 7676K, capacity 8064K, committed 8320K, reserved 1056768K
  class space    used 1106K, capacity 1136K, committed 1152K, reserved 1048576K
Event: 11,389 GC heap after
Heap after GC invocations=10 (full 3):
 PSYoungGen      total 489984K, used 73728K [0x000000076d200000, 0x00000007a0c80000, 0x00000007c0000000)
  eden space 223232K, 0% used [0x000000076d200000,0x000000076d200000,0x000000077ac00000)
  from space 266752K, 27% used [0x000000077ac00000,0x000000077f400010,0x000000078b080000)
  to   space 251392K, 0% used [0x0000000791700000,0x0000000791700000,0x00000007a0c80000)
 ParOldGen       total 966656K, used 479088K [0x00000006c7600000, 0x0000000702600000, 0x000000076d200000)
  object space 966656K, 49% used [0x00000006c7600000,0x00000006e49dc038,0x0000000702600000)
 Metaspace       used 7676K, capacity 8064K, committed 8320K, reserved 1056768K
  class space    used 1106K, capacity 1136K, committed 1152K, reserved 1048576K
}
Event: 11,583 GC heap before
{Heap before GC invocations=11 (full 3):
 PSYoungGen      total 489984K, used 296960K [0x000000076d200000, 0x00000007a0c80000, 0x00000007c0000000)
  eden space 223232K, 100% used [0x000000076d200000,0x000000077ac00000,0x000000077ac00000)
  from space 266752K, 27% used [0x000000077ac00000,0x000000077f400010,0x000000078b080000)
  to   space 251392K, 0% used [0x0000000791700000,0x0000000791700000,0x00000007a0c80000)
 ParOldGen       total 966656K, used 479088K [0x00000006c7600000, 0x0000000702600000, 0x000000076d200000)
  object space 966656K, 49% used [0x00000006c7600000,0x00000006e49dc038,0x0000000702600000)
 Metaspace       used 7676K, capacity 8064K, committed 8320K, reserved 1056768K
  class space    used 1106K, capacity 1136K, committed 1152K, reserved 1048576K
Event: 11,690 GC heap after
Heap after GC invocations=11 (full 3):
 PSYoungGen      total 592384K, used 147456K [0x000000076d200000, 0x00000007a0e00000, 0x00000007c0000000)
  eden space 340992K, 0% used [0x000000076d200000,0x000000076d200000,0x0000000781f00000)
  from space 251392K, 58% used [0x0000000791700000,0x000000079a700010,0x00000007a0c80000)
  to   space 253440K, 0% used [0x0000000781f00000,0x0000000781f00000,0x0000000791680000)
 ParOldGen       total 966656K, used 479088K [0x00000006c7600000, 0x0000000702600000, 0x000000076d200000)
  object space 966656K, 49% used [0x00000006c7600000,0x00000006e49dc038,0x0000000702600000)
 Metaspace       used 7676K, capacity 8064K, committed 8320K, reserved 1056768K
  class space    used 1106K, capacity 1136K, committed 1152K, reserved 1048576K
}
Event: 12,709 GC heap before
{Heap before GC invocations=12 (full 4):
 PSYoungGen      total 592384K, used 488448K [0x000000076d200000, 0x00000007a0e00000, 0x00000007c0000000)
  eden space 340992K, 100% used [0x000000076d200000,0x0000000781f00000,0x0000000781f00000)
  from space 251392K, 58% used [0x0000000791700000,0x000000079a700010,0x00000007a0c80000)
  to   space 253440K, 0% used [0x0000000781f00000,0x0000000781f00000,0x0000000791680000)
 ParOldGen       total 966656K, used 774000K [0x00000006c7600000, 0x0000000702600000, 0x000000076d200000)
  object space 966656K, 80% used [0x00000006c7600000,0x00000006f69dc048,0x0000000702600000)
 Metaspace       used 7676K, capacity 8064K, committed 8320K, reserved 1056768K
  class space    used 1106K, capacity 1136K, committed 1152K, reserved 1048576K

