# JRE version: Java(TM) SE Runtime Environment (8.0_171-b11) (build 1.8.0_171-b11)
# Java VM: Java HotSpot(TM) 64-Bit Server VM (25.171-b11 mixed mode linux-amd64 compressed oops)
Heap:
 PSYoungGen      total 905216K, used 31107K [0x000000076d200000, 0x00000007c0000000, 0x00000007c0000000)
  eden space 452608K, 0% used [0x000000076d200000,0x000000076d200000,0x0000000788c00000)
  from space 452608K, 6% used [0x0000000788c00000,0x000000078aa60e68,0x00000007a4600000)
  to   space 441856K, 0% used [0x00000007a5080000,0x00000007a5080000,0x00000007c0000000)
 ParOldGen       total 1841664K, used 1841285K [0x00000006c7600000, 0x0000000737c80000, 0x000000076d200000)
  object space 1841664K, 99% used [0x00000006c7600000,0x0000000737c217b0,0x0000000737c80000)
 Metaspace       used 18933K, capacity 19102K, committed 19328K, reserved 1067008K
  class space    used 2539K, capacity 2628K, committed 2688K, reserved 1048576K
GC Heap History (10 events):
Event: 6,877 GC heap after
Heap after GC invocations=19 (full 5):
 PSYoungGen      total 1011712K, used 213664K [0x000000076d200000, 0x00000007c0000000, 0x00000007c0000000)
  eden space 692224K, 0% used [0x000000076d200000,0x000000076d200000,0x0000000797600000)
  from space 319488K, 66% used [0x00000007ac800000,0x00000007b98a8000,0x00000007c0000000)
  to   space 332800K, 0% used [0x0000000797600000,0x0000000797600000,0x00000007abb00000)
 ParOldGen       total 1364992K, used 1189197K [0x00000006c7600000, 0x000000071ab00000, 0x000000076d200000)
  object space 1364992K, 87% used [0x00000006c7600000,0x000000070ff535f8,0x000000071ab00000)
 Metaspace       used 17618K, capacity 17822K, committed 18176K, reserved 1064960K
  class space    used 2357K, capacity 2436K, committed 2560K, reserved 1048576K
}
Event: 6,877 GC heap before
{Heap before GC invocations=20 (full 6):
 PSYoungGen      total 1011712K, used 213664K [0x000000076d200000, 0x00000007c0000000, 0x00000007c0000000)
  eden space 692224K, 0% used [0x000000076d200000,0x000000076d200000,0x0000000797600000)
  from space 319488K, 66% used [0x00000007ac800000,0x00000007b98a8000,0x00000007c0000000)
  to   space 332800K, 0% used [0x0000000797600000,0x0000000797600000,0x00000007abb00000)
 ParOldGen       total 1364992K, used 1189197K [0x00000006c7600000, 0x000000071ab00000, 0x000000076d200000)
  object space 1364992K, 87% used [0x00000006c7600000,0x000000070ff535f8,0x000000071ab00000)
 Metaspace       used 17618K, capacity 17822K, committed 18176K, reserved 1064960K
  class space    used 2357K, capacity 2436K, committed 2560K, reserved 1048576K
Event: 7,235 GC heap after
Heap after GC invocations=20 (full 6):
 PSYoungGen      total 1011712K, used 33673K [0x000000076d200000, 0x00000007c0000000, 0x00000007c0000000)
  eden space 692224K, 0% used [0x000000076d200000,0x000000076d200000,0x0000000797600000)
  from space 319488K, 10% used [0x00000007ac800000,0x00000007ae8e2400,0x00000007c0000000)
  to   space 332800K, 0% used [0x0000000797600000,0x0000000797600000,0x00000007abb00000)
 ParOldGen       total 1841664K, used 1364767K [0x00000006c7600000, 0x0000000737c80000, 0x000000076d200000)
  object space 1841664K, 74% used [0x00000006c7600000,0x000000071aac7fe8,0x0000000737c80000)
 Metaspace       used 17618K, capacity 17822K, committed 18176K, reserved 1064960K
  class space    used 2357K, capacity 2436K, committed 2560K, reserved 1048576K
}
Event: 7,333 GC heap before
{Heap before GC invocations=21 (full 6):
 PSYoungGen      total 1011712K, used 725897K [0x000000076d200000, 0x00000007c0000000, 0x00000007c0000000)
  eden space 692224K, 100% used [0x000000076d200000,0x0000000797600000,0x0000000797600000)
  from space 319488K, 10% used [0x00000007ac800000,0x00000007ae8e2400,0x00000007c0000000)
  to   space 332800K, 0% used [0x0000000797600000,0x0000000797600000,0x00000007abb00000)
 ParOldGen       total 1841664K, used 1364767K [0x00000006c7600000, 0x0000000737c80000, 0x000000076d200000)
  object space 1841664K, 74% used [0x00000006c7600000,0x000000071aac7fe8,0x0000000737c80000)
 Metaspace       used 17618K, capacity 17822K, committed 18176K, reserved 1064960K
  class space    used 2357K, capacity 2436K, committed 2560K, reserved 1048576K
Event: 7,505 GC heap after
Heap after GC invocations=21 (full 6):
 PSYoungGen      total 957952K, used 265728K [0x000000076d200000, 0x00000007c0000000, 0x00000007c0000000)
  eden space 692224K, 0% used [0x000000076d200000,0x000000076d200000,0x0000000797600000)
  from space 265728K, 100% used [0x0000000797600000,0x00000007a7980000,0x00000007a7980000)
  to   space 361984K, 0% used [0x00000007a9e80000,0x00000007a9e80000,0x00000007c0000000)
 ParOldGen       total 1841664K, used 1364767K [0x00000006c7600000, 0x0000000737c80000, 0x000000076d200000)
  object space 1841664K, 74% used [0x00000006c7600000,0x000000071aac7fe8,0x0000000737c80000)
 Metaspace       used 17618K, capacity 17822K, committed 18176K, reserved 1064960K
  class space    used 2357K, capacity 2436K, committed 2560K, reserved 1048576K
}
Event: 7,605 GC heap before
{Heap before GC invocations=22 (full 6):
 PSYoungGen      total 957952K, used 957952K [0x000000076d200000, 0x00000007c0000000, 0x00000007c0000000)
  eden space 692224K, 100% used [0x000000076d200000,0x0000000797600000,0x0000000797600000)
  from space 265728K, 100% used [0x0000000797600000,0x00000007a7980000,0x00000007a7980000)
  to   space 361984K, 0% used [0x00000007a9e80000,0x00000007a9e80000,0x00000007c0000000)
 ParOldGen       total 1841664K, used 1364767K [0x00000006c7600000, 0x0000000737c80000, 0x000000076d200000)
  object space 1841664K, 74% used [0x00000006c7600000,0x000000071aac7fe8,0x0000000737c80000)
 Metaspace       used 17618K, capacity 17822K, committed 18176K, reserved 1064960K
  class space    used 2357K, capacity 2436K, committed 2560K, reserved 1048576K
Event: 7,777 GC heap after
Heap after GC invocations=22 (full 6):
 PSYoungGen      total 814592K, used 361984K [0x000000076d200000, 0x00000007c0000000, 0x00000007c0000000)
  eden space 452608K, 0% used [0x000000076d200000,0x000000076d200000,0x0000000788c00000)
  from space 361984K, 100% used [0x00000007a9e80000,0x00000007c0000000,0x00000007c0000000)
  to   space 452608K, 0% used [0x0000000788c00000,0x0000000788c00000,0x00000007a4600000)
 ParOldGen       total 1841664K, used 1495855K [0x00000006c7600000, 0x0000000737c80000, 0x000000076d200000)
  object space 1841664K, 81% used [0x00000006c7600000,0x0000000722acbfe8,0x0000000737c80000)
 Metaspace       used 17618K, capacity 17822K, committed 18176K, reserved 1064960K
  class space    used 2357K, capacity 2436K, committed 2560K, reserved 1048576K
}
Event: 8,693 GC heap before
{Heap before GC invocations=23 (full 6):
 PSYoungGen      total 814592K, used 814592K [0x000000076d200000, 0x00000007c0000000, 0x00000007c0000000)
  eden space 452608K, 100% used [0x000000076d200000,0x0000000788c00000,0x0000000788c00000)
  from space 361984K, 100% used [0x00000007a9e80000,0x00000007c0000000,0x00000007c0000000)
  to   space 452608K, 0% used [0x0000000788c00000,0x0000000788c00000,0x00000007a4600000)
 ParOldGen       total 1841664K, used 1495855K [0x00000006c7600000, 0x0000000737c80000, 0x000000076d200000)
  object space 1841664K, 81% used [0x00000006c7600000,0x0000000722acbfe8,0x0000000737c80000)
 Metaspace       used 18933K, capacity 19102K, committed 19328K, reserved 1067008K
  class space    used 2539K, capacity 2628K, committed 2688K, reserved 1048576K
Event: 8,859 GC heap after
Heap after GC invocations=23 (full 6):
 PSYoungGen      total 905216K, used 171195K [0x000000076d200000, 0x00000007c0000000, 0x00000007c0000000)
  eden space 452608K, 0% used [0x000000076d200000,0x000000076d200000,0x0000000788c00000)
  from space 452608K, 37% used [0x0000000788c00000,0x000000079332ee50,0x00000007a4600000)
  to   space 441856K, 0% used [0x00000007a5080000,0x00000007a5080000,0x00000007c0000000)
 ParOldGen       total 1841664K, used 1709127K [0x00000006c7600000, 0x0000000737c80000, 0x000000076d200000)
  object space 1841664K, 92% used [0x00000006c7600000,0x000000072fb11fe8,0x0000000737c80000)
 Metaspace       used 18933K, capacity 19102K, committed 19328K, reserved 1067008K
  class space    used 2539K, capacity 2628K, committed 2688K, reserved 1048576K
}
Event: 8,859 GC heap before
{Heap before GC invocations=24 (full 7):
 PSYoungGen      total 905216K, used 171195K [0x000000076d200000, 0x00000007c0000000, 0x00000007c0000000)
  eden space 452608K, 0% used [0x000000076d200000,0x000000076d200000,0x0000000788c00000)
  from space 452608K, 37% used [0x0000000788c00000,0x000000079332ee50,0x00000007a4600000)
  to   space 441856K, 0% used [0x00000007a5080000,0x00000007a5080000,0x00000007c0000000)
 ParOldGen       total 1841664K, used 1709127K [0x00000006c7600000, 0x0000000737c80000, 0x000000076d200000)
  object space 1841664K, 92% used [0x00000006c7600000,0x000000072fb11fe8,0x0000000737c80000)
 Metaspace       used 18933K, capacity 19102K, committed 19328K, reserved 1067008K
  class space    used 2539K, capacity 2628K, committed 2688K, reserved 1048576K

